:: WARNING: setvars.sh has already been run. Skipping re-execution.
   To force a re-execution of setvars.sh, use the '--force' option.
   Using '--force' can result in excessive use of your environment variables.
SLURM_CPUS_PER_TASK=4  NODES=1 SLURM_TASKS_PER_NODE=2
MPI startup(): Could not import some environment variables. Intel MPI process pinning will not be used.
               Possible reason: Using the Slurm srun command. In this case, Slurm pinning will be used.
MPI startup(): Could not import some environment variables. Intel MPI process pinning will not be used.
               Possible reason: Using the Slurm srun command. In this case, Slurm pinning will be used.
MPI startup(): PMI server not found. Please set I_MPI_PMI_LIBRARY variable if it is not a singleton case.
[0] MPI startup(): Intel(R) MPI Library, Version 2021.2  Build 20210302 (id: f4f7c92cd)
[0] MPI startup(): Copyright (C) 2003-2021 Intel Corporation.  All rights reserved.
[0] MPI startup(): library kind: release
MPI startup(): PMI server not found. Please set I_MPI_PMI_LIBRARY variable if it is not a singleton case.
[0] MPI startup(): Intel(R) MPI Library, Version 2021.2  Build 20210302 (id: f4f7c92cd)
[0] MPI startup(): Copyright (C) 2003-2021 Intel Corporation.  All rights reserved.
[0] MPI startup(): library kind: release
[0] MPI startup(): libfabric version: 1.11.0-impi
[0] MPI startup(): libfabric version: 1.11.0-impi
[0] MPI startup(): libfabric provider: psm2
[0] MPI startup(): libfabric provider: psm2
[0] MPI startup(): File "/opt/ohpc/pub/oneAPI/mpi/2021.2.0/etc/tuning_skx_shm-ofi_psm2.dat" not found
[0] MPI startup(): Load tuning file: "/opt/ohpc/pub/oneAPI/mpi/2021.2.0/etc/tuning_skx_shm-ofi.dat"
[0] MPI startup(): File "/opt/ohpc/pub/oneAPI/mpi/2021.2.0/etc/tuning_skx_shm-ofi_psm2.dat" not found
[0] MPI startup(): Load tuning file: "/opt/ohpc/pub/oneAPI/mpi/2021.2.0/etc/tuning_skx_shm-ofi.dat"
[0] MPI startup(): Rank    Pid      Node name  Pin cpu
[0] MPI startup(): 0       58388    node2      0,1,2,3,4,5,6,7,8,9,10,11,12,13,14,15,16,17,18,19,20,21,22,23,24,25,26,27,28,29,30,31,32,33,34,35,36,37,38,39,40,41,42,43,44,45,46,47,48,49,50,51,52,53,54,55,56,57,58,59,60,61,62,63
[0] MPI startup(): I_MPI_ROOT=/opt/ohpc/pub/oneAPI/mpi/2021.2.0
[0] MPI startup(): I_MPI_DEBUG=5
[0] MPI startup(): Rank    Pid      Node name  Pin cpu
[0] MPI startup(): 0       58389    node2      0,1,2,3,4,5,6,7,8,9,10,11,12,13,14,15,16,17,18,19,20,21,22,23,24,25,26,27,28,29,30,31,32,33,34,35,36,37,38,39,40,41,42,43,44,45,46,47,48,49,50,51,52,53,54,55,56,57,58,59,60,61,62,63
[0] MPI startup(): I_MPI_ROOT=/opt/ohpc/pub/oneAPI/mpi/2021.2.0
[0] MPI startup(): I_MPI_DEBUG=5
OMP: pid 58389 tid 58389 thread 0 bound to OS proc set {0,32}
I'm thread 0 in process 0
OMP: pid 58389 tid 58405 thread 3 bound to OS proc set {3,35}
I'm thread 3 in process 0
OMP: pid 58389 tid 58403 thread 1 bound to OS proc set {1,33}
I'm thread 1 in process 0
OMP: pid 58389 tid 58404 thread 2 bound to OS proc set {2,34}
I'm thread 2 in process 0

Provided thread support level: 1
  0 - MPI_THREAD_SINGLE
  1 - MPI_THREAD_FUNNELED
  2 - MPI_THREAD_SERIALIZED
  3 - MPI_THREAD_MULTIPLE
OMP: pid 58388 tid 58388 thread 0 bound to OS proc set {0,32}
I'm thread 0 in process 0
OMP: pid 58388 tid 58406 thread 1 bound to OS proc set {1,33}
I'm thread 1 in process 0
OMP: pid 58388 tid 58408 thread 3 bound to OS proc set {3,35}
I'm thread 3 in process 0
OMP: pid 58388 tid 58407 thread 2 bound to OS proc set {2,34}
I'm thread 2 in process 0

Provided thread support level: 1
  0 - MPI_THREAD_SINGLE
  1 - MPI_THREAD_FUNNELED
  2 - MPI_THREAD_SERIALIZED
  3 - MPI_THREAD_MULTIPLE
